<?xml version="1.0" encoding="UTF-8"?>
<testsuite name="com.iyadAltoubah.StudentApplicationTestIT" tests="1" skipped="0" failures="0" errors="0" timestamp="2020-11-01T14:36:47" hostname="laptops-MacBook-Pro.local" time="0.47">
  <properties/>
  <testcase name="addNewStudent" classname="com.iyadAltoubah.StudentApplicationTestIT" time="0.47"/>
  <system-out><![CDATA[15:36:40.666 [Test worker] DEBUG org.springframework.test.annotation.ProfileValueUtils - Retrieved @ProfileValueSourceConfiguration [null] for test class [com.iyadAltoubah.StudentApplicationTestIT]
15:36:40.667 [Test worker] DEBUG org.springframework.test.annotation.ProfileValueUtils - Retrieved ProfileValueSource type [class org.springframework.test.annotation.SystemProfileValueSource] for class [com.iyadAltoubah.StudentApplicationTestIT]
15:36:40.668 [Test worker] DEBUG org.springframework.test.annotation.ProfileValueUtils - Retrieved @ProfileValueSourceConfiguration [null] for test class [com.iyadAltoubah.StudentApplicationTestIT]
15:36:40.669 [Test worker] DEBUG org.springframework.test.annotation.ProfileValueUtils - Retrieved ProfileValueSource type [class org.springframework.test.annotation.SystemProfileValueSource] for class [com.iyadAltoubah.StudentApplicationTestIT]
15:36:40.674 [Test worker] DEBUG org.springframework.test.context.support.AbstractDirtiesContextTestExecutionListener - Before test class: context [DefaultTestContext@43a411fe testClass = StudentApplicationTestIT, testInstance = [null], testMethod = [null], testException = [null], mergedContextConfiguration = [WebMergedContextConfiguration@525a64e testClass = StudentApplicationTestIT, locations = '{}', classes = '{class com.iyadAltoubah.StudentApplication}', contextInitializerClasses = '[]', activeProfiles = '{}', propertySourceLocations = '{}', propertySourceProperties = '{org.springframework.boot.test.context.SpringBootTestContextBootstrapper=true}', contextCustomizers = set[org.springframework.boot.test.autoconfigure.properties.PropertyMappingContextCustomizer@4b3fa0b3, org.springframework.boot.test.autoconfigure.web.servlet.WebDriverContextCustomizerFactory$Customizer@af00469, [ImportsContextCustomizer@7d93268d key = [org.springframework.boot.test.autoconfigure.web.servlet.MockMvcAutoConfiguration, org.springframework.boot.test.autoconfigure.web.servlet.MockMvcWebClientAutoConfiguration, org.springframework.boot.test.autoconfigure.web.servlet.MockMvcWebDriverAutoConfiguration, org.springframework.boot.autoconfigure.security.oauth2.client.servlet.OAuth2ClientAutoConfiguration, org.springframework.boot.autoconfigure.security.oauth2.resource.servlet.OAuth2ResourceServerAutoConfiguration, org.springframework.boot.autoconfigure.security.servlet.SecurityAutoConfiguration, org.springframework.boot.autoconfigure.security.servlet.SecurityFilterAutoConfiguration, org.springframework.boot.autoconfigure.security.servlet.UserDetailsServiceAutoConfiguration, org.springframework.boot.test.autoconfigure.web.servlet.MockMvcSecurityConfiguration]], org.springframework.boot.test.context.filter.ExcludeFilterContextCustomizer@65592f24, org.springframework.boot.test.json.DuplicateJsonObjectContextCustomizerFactory$DuplicateJsonObjectContextCustomizer@2cb5d404, org.springframework.boot.test.mock.mockito.MockitoContextCustomizer@0, org.springframework.boot.test.web.client.TestRestTemplateContextCustomizer@2c7d2ae5, org.springframework.boot.test.context.SpringBootTestArgs@1], resourceBasePath = 'src/main/webapp', contextLoader = 'org.springframework.boot.test.context.SpringBootContextLoader', parent = [null]], attributes = map['org.springframework.test.context.web.ServletTestExecutionListener.activateListener' -> true]], class annotated with @DirtiesContext [false] with mode [null].
15:36:40.676 [Test worker] DEBUG org.springframework.test.annotation.ProfileValueUtils - Retrieved @ProfileValueSourceConfiguration [null] for test class [com.iyadAltoubah.StudentApplicationTestIT]
15:36:40.676 [Test worker] DEBUG org.springframework.test.annotation.ProfileValueUtils - Retrieved ProfileValueSource type [class org.springframework.test.annotation.SystemProfileValueSource] for class [com.iyadAltoubah.StudentApplicationTestIT]
15:36:40.698 [Test worker] DEBUG org.springframework.test.context.support.TestPropertySourceUtils - Adding inlined properties to environment: {spring.jmx.enabled=false, org.springframework.boot.test.context.SpringBootTestContextBootstrapper=true}

  .   ____          _            __ _ _
 /\\ / ___'_ __ _ _(_)_ __  __ _ \ \ \ \
( ( )\___ | '_ | '_| | '_ \/ _` | \ \ \ \
 \\/  ___)| |_)| | | | | || (_| |  ) ) ) )
  '  |____| .__|_| |_|_| |_\__, | / / / /
 =========|_|==============|___/=/_/_/_/
 :: Spring Boot ::        (v2.3.4.RELEASE)

2020-11-01 15:36:41.302  INFO 21178 --- [    Test worker] c.iyadAltoubah.StudentApplicationTestIT  : Starting StudentApplicationTestIT on laptops-MacBook-Pro.local with PID 21178 (started by laptop in /Users/laptop/Documents/projects/spring-boot-api-jenkins)
2020-11-01 15:36:41.306  INFO 21178 --- [    Test worker] c.iyadAltoubah.StudentApplicationTestIT  : No active profile set, falling back to default profiles: default
2020-11-01 15:36:43.085  INFO 21178 --- [    Test worker] .s.d.r.c.RepositoryConfigurationDelegate : Bootstrapping Spring Data JPA repositories in DEFERRED mode.
2020-11-01 15:36:43.191  INFO 21178 --- [    Test worker] .s.d.r.c.RepositoryConfigurationDelegate : Finished Spring Data repository scanning in 91ms. Found 1 JPA repository interfaces.
2020-11-01 15:36:44.087  INFO 21178 --- [    Test worker] o.s.s.concurrent.ThreadPoolTaskExecutor  : Initializing ExecutorService 'applicationTaskExecutor'
2020-11-01 15:36:44.108  INFO 21178 --- [    Test worker] com.zaxxer.hikari.HikariDataSource       : HikariPool-1 - Starting...
2020-11-01 15:36:44.382  INFO 21178 --- [    Test worker] com.zaxxer.hikari.HikariDataSource       : HikariPool-1 - Start completed.
2020-11-01 15:36:44.506  INFO 21178 --- [         task-1] o.hibernate.jpa.internal.util.LogHelper  : HHH000204: Processing PersistenceUnitInfo [name: default]
2020-11-01 15:36:44.592  INFO 21178 --- [         task-1] org.hibernate.Version                    : HHH000412: Hibernate ORM core version 5.4.21.Final
2020-11-01 15:36:44.904  INFO 21178 --- [         task-1] o.hibernate.annotations.common.Version   : HCANN000001: Hibernate Commons Annotations {5.1.0.Final}
2020-11-01 15:36:45.024  WARN 21178 --- [    Test worker] JpaBaseConfiguration$JpaWebConfiguration : spring.jpa.open-in-view is enabled by default. Therefore, database queries may be performed during view rendering. Explicitly configure spring.jpa.open-in-view to disable this warning
2020-11-01 15:36:45.185  INFO 21178 --- [         task-1] org.hibernate.dialect.Dialect            : HHH000400: Using dialect: org.hibernate.dialect.H2Dialect
2020-11-01 15:36:46.642  INFO 21178 --- [         task-1] o.h.e.t.j.p.i.JtaPlatformInitiator       : HHH000490: Using JtaPlatform implementation: [org.hibernate.engine.transaction.jta.platform.internal.NoJtaPlatform]
2020-11-01 15:36:46.656  INFO 21178 --- [         task-1] j.LocalContainerEntityManagerFactoryBean : Initialized JPA EntityManagerFactory for persistence unit 'default'
2020-11-01 15:36:46.860  INFO 21178 --- [    Test worker] o.s.b.t.m.w.SpringBootMockServletContext : Initializing Spring TestDispatcherServlet ''
2020-11-01 15:36:46.860  INFO 21178 --- [    Test worker] o.s.t.web.servlet.TestDispatcherServlet  : Initializing Servlet ''
2020-11-01 15:36:46.880  INFO 21178 --- [    Test worker] o.s.b.a.e.web.EndpointLinksResolver      : Exposing 2 endpoint(s) beneath base path '/actuator'
2020-11-01 15:36:46.935  INFO 21178 --- [    Test worker] o.s.t.web.servlet.TestDispatcherServlet  : Completed initialization in 74 ms
2020-11-01 15:36:46.974  INFO 21178 --- [    Test worker] DeferredRepositoryInitializationListener : Triggering deferred initialization of Spring Data repositories…
2020-11-01 15:36:47.426  INFO 21178 --- [    Test worker] DeferredRepositoryInitializationListener : Spring Data repositories initialized!
2020-11-01 15:36:47.452  INFO 21178 --- [    Test worker] c.iyadAltoubah.StudentApplicationTestIT  : Started StudentApplicationTestIT in 6.743 seconds (JVM running for 8.74)
]]></system-out>
  <system-err><![CDATA[]]></system-err>
</testsuite>
